<?xml version="1.0" encoding="UTF-8"?>
<testng-results skipped="0" failed="0" ignored="0" total="1" passed="1">
  <reporter-output>
  </reporter-output>
  <suite name="Default suite" duration-ms="15727" started-at="2019-11-01T12:57:52 IST" finished-at="2019-11-01T12:58:08 IST">
    <groups>
    </groups>
    <test name="Default test" duration-ms="15727" started-at="2019-11-01T12:57:52 IST" finished-at="2019-11-01T12:58:08 IST">
      <class name="tests.BaseClass">
        <test-method status="PASS" signature="setup()[pri:0, instance:tests.BaseClass@4bbfb90a]" name="setup" is-config="true" duration-ms="15621" started-at="2019-11-01T12:57:52 IST" finished-at="2019-11-01T12:58:08 IST">
          <reporter-output>
          </reporter-output>
        </test-method> <!-- setup -->
        <test-method status="PASS" signature="sampleTest()[pri:0, instance:tests.BaseClass@4bbfb90a]" name="sampleTest" duration-ms="0" started-at="2019-11-01T12:58:08 IST" finished-at="2019-11-01T12:58:08 IST">
          <reporter-output>
          </reporter-output>
        </test-method> <!-- sampleTest -->
        <test-method status="FAIL" signature="teardown()[pri:0, instance:tests.BaseClass@4bbfb90a]" name="teardown" is-config="true" duration-ms="52" started-at="2019-11-01T12:58:08 IST" finished-at="2019-11-01T12:58:08 IST">
          <exception class="org.openqa.selenium.WebDriverException">
            <message>
              <![CDATA[An unknown server-side error occurred while processing the command. Original error: Could not proxy. Proxy error: Could not proxy command to remote server. Original error: 404 - undefined
Build info: version: '3.141.59', revision: 'e82be7d358', time: '2018-11-14T08:17:03'
System info: host: 'ANUANAND', ip: '10.175.12.90', os.name: 'Windows 10', os.arch: 'amd64', os.version: '10.0', java.version: '1.8.0_221'
Driver info: io.appium.java_client.AppiumDriver
Capabilities {appActivity: com.facebook.katana.LoginAc..., appPackage: com.facebook.katana, automationName: Appium, databaseEnabled: false, desired: {appActivity: com.facebook.katana.LoginAc..., appPackage: com.facebook.katana, automationName: Appium, deviceName: OnePlus 5, platformName: android, platformVersion: 9.0.0, udid: a88765bf}, deviceApiLevel: 28, deviceManufacturer: OnePlus, deviceModel: ONEPLUS A5000, deviceName: a88765bf, deviceScreenDensity: 420, deviceScreenSize: 1080x1920, deviceUDID: a88765bf, javascriptEnabled: true, locationContextEnabled: false, networkConnectionEnabled: true, pixelRatio: 2.625, platform: LINUX, platformName: Android, platformVersion: 9, statBarHeight: 63, takesScreenshot: true, udid: a88765bf, viewportRect: {height: 1857, left: 0, top: 63, width: 1080}, warnings: {}, webStorageEnabled: false}
Session ID: bfd48d7e-5695-444e-96fc-2e3b7a4443d2]]>
            </message>
            <full-stacktrace>
              <![CDATA[org.openqa.selenium.WebDriverException: An unknown server-side error occurred while processing the command. Original error: Could not proxy. Proxy error: Could not proxy command to remote server. Original error: 404 - undefined
Build info: version: '3.141.59', revision: 'e82be7d358', time: '2018-11-14T08:17:03'
System info: host: 'ANUANAND', ip: '10.175.12.90', os.name: 'Windows 10', os.arch: 'amd64', os.version: '10.0', java.version: '1.8.0_221'
Driver info: io.appium.java_client.AppiumDriver
Capabilities {appActivity: com.facebook.katana.LoginAc..., appPackage: com.facebook.katana, automationName: Appium, databaseEnabled: false, desired: {appActivity: com.facebook.katana.LoginAc..., appPackage: com.facebook.katana, automationName: Appium, deviceName: OnePlus 5, platformName: android, platformVersion: 9.0.0, udid: a88765bf}, deviceApiLevel: 28, deviceManufacturer: OnePlus, deviceModel: ONEPLUS A5000, deviceName: a88765bf, deviceScreenDensity: 420, deviceScreenSize: 1080x1920, deviceUDID: a88765bf, javascriptEnabled: true, locationContextEnabled: false, networkConnectionEnabled: true, pixelRatio: 2.625, platform: LINUX, platformName: Android, platformVersion: 9, statBarHeight: 63, takesScreenshot: true, udid: a88765bf, viewportRect: {height: 1857, left: 0, top: 63, width: 1080}, warnings: {}, webStorageEnabled: false}
Session ID: bfd48d7e-5695-444e-96fc-2e3b7a4443d2
at sun.reflect.NativeConstructorAccessorImpl.newInstance0(Native Method)
at sun.reflect.NativeConstructorAccessorImpl.newInstance(Unknown Source)
at sun.reflect.DelegatingConstructorAccessorImpl.newInstance(Unknown Source)
at java.lang.reflect.Constructor.newInstance(Unknown Source)
at org.openqa.selenium.remote.http.W3CHttpResponseCodec.createException(W3CHttpResponseCodec.java:187)
at org.openqa.selenium.remote.http.W3CHttpResponseCodec.decode(W3CHttpResponseCodec.java:122)
at org.openqa.selenium.remote.http.W3CHttpResponseCodec.decode(W3CHttpResponseCodec.java:49)
at org.openqa.selenium.remote.HttpCommandExecutor.execute(HttpCommandExecutor.java:158)
at io.appium.java_client.remote.AppiumCommandExecutor.execute(AppiumCommandExecutor.java:239)
at org.openqa.selenium.remote.RemoteWebDriver.execute(RemoteWebDriver.java:552)
at io.appium.java_client.DefaultGenericMobileDriver.execute(DefaultGenericMobileDriver.java:45)
at io.appium.java_client.AppiumDriver.execute(AppiumDriver.java:1)
at org.openqa.selenium.remote.RemoteWebDriver.close(RemoteWebDriver.java:442)
at tests.BaseClass.teardown(BaseClass.java:47)
at sun.reflect.NativeMethodAccessorImpl.invoke0(Native Method)
at sun.reflect.NativeMethodAccessorImpl.invoke(Unknown Source)
at sun.reflect.DelegatingMethodAccessorImpl.invoke(Unknown Source)
at java.lang.reflect.Method.invoke(Unknown Source)
at org.testng.internal.MethodInvocationHelper.invokeMethod(MethodInvocationHelper.java:133)
at org.testng.internal.MethodInvocationHelper.invokeMethodConsideringTimeout(MethodInvocationHelper.java:62)
at org.testng.internal.ConfigInvoker.invokeConfigurationMethod(ConfigInvoker.java:340)
at org.testng.internal.ConfigInvoker.invokeConfigurations(ConfigInvoker.java:294)
at org.testng.TestRunner.invokeTestConfigurations(TestRunner.java:623)
at org.testng.TestRunner.afterRun(TestRunner.java:853)
at org.testng.TestRunner.run(TestRunner.java:594)
at org.testng.SuiteRunner.runTest(SuiteRunner.java:402)
at org.testng.SuiteRunner.runSequentially(SuiteRunner.java:396)
at org.testng.SuiteRunner.privateRun(SuiteRunner.java:355)
at org.testng.SuiteRunner.run(SuiteRunner.java:304)
at org.testng.SuiteRunnerWorker.runSuite(SuiteRunnerWorker.java:53)
at org.testng.SuiteRunnerWorker.run(SuiteRunnerWorker.java:96)
at org.testng.TestNG.runSuitesSequentially(TestNG.java:1180)
at org.testng.TestNG.runSuitesLocally(TestNG.java:1102)
at org.testng.TestNG.runSuites(TestNG.java:1032)
at org.testng.TestNG.run(TestNG.java:1000)
at org.testng.remote.AbstractRemoteTestNG.run(AbstractRemoteTestNG.java:115)
at org.testng.remote.RemoteTestNG.initAndRun(RemoteTestNG.java:251)
at org.testng.remote.RemoteTestNG.main(RemoteTestNG.java:77)
]]>
            </full-stacktrace>
          </exception> <!-- org.openqa.selenium.WebDriverException -->
          <reporter-output>
          </reporter-output>
        </test-method> <!-- teardown -->
      </class> <!-- tests.BaseClass -->
    </test> <!-- Default test -->
  </suite> <!-- Default suite -->
</testng-results>
